mode: atomic
github.com/zenobi-us/opennotes/internal/services/config.go:38.32,40.16 2 1
github.com/zenobi-us/opennotes/internal/services/config.go:40.16,42.3 1 0
github.com/zenobi-us/opennotes/internal/services/config.go:43.2,43.61 1 1
github.com/zenobi-us/opennotes/internal/services/config.go:47.49,49.2 1 0
github.com/zenobi-us/opennotes/internal/services/config.go:53.74,66.69 6 70
github.com/zenobi-us/opennotes/internal/services/config.go:66.69,68.3 1 0
github.com/zenobi-us/opennotes/internal/services/config.go:71.2,71.47 1 70
github.com/zenobi-us/opennotes/internal/services/config.go:71.47,72.75 1 30
github.com/zenobi-us/opennotes/internal/services/config.go:72.75,74.4 1 1
github.com/zenobi-us/opennotes/internal/services/config.go:79.2,79.70 1 70
github.com/zenobi-us/opennotes/internal/services/config.go:79.70,87.3 1 2
github.com/zenobi-us/opennotes/internal/services/config.go:88.2,88.16 1 70
github.com/zenobi-us/opennotes/internal/services/config.go:88.16,90.3 1 0
github.com/zenobi-us/opennotes/internal/services/config.go:93.2,94.46 2 70
github.com/zenobi-us/opennotes/internal/services/config.go:94.46,96.3 1 0
github.com/zenobi-us/opennotes/internal/services/config.go:98.2,105.8 2 70
github.com/zenobi-us/opennotes/internal/services/config.go:109.49,111.64 1 5
github.com/zenobi-us/opennotes/internal/services/config.go:111.64,113.3 1 0
github.com/zenobi-us/opennotes/internal/services/config.go:115.2,116.16 2 5
github.com/zenobi-us/opennotes/internal/services/config.go:116.16,118.3 1 0
github.com/zenobi-us/opennotes/internal/services/config.go:120.2,120.57 1 5
github.com/zenobi-us/opennotes/internal/services/config.go:120.57,122.3 1 0
github.com/zenobi-us/opennotes/internal/services/config.go:124.2,127.12 3 5
github.com/zenobi-us/opennotes/internal/services/config.go:131.39,133.2 1 1
github.com/zenobi-us/opennotes/internal/services/db.go:23.13,26.2 1 1
github.com/zenobi-us/opennotes/internal/services/db.go:39.32,43.2 1 97
github.com/zenobi-us/opennotes/internal/services/db.go:47.65,50.19 2 63
github.com/zenobi-us/opennotes/internal/services/db.go:50.19,55.17 3 38
github.com/zenobi-us/opennotes/internal/services/db.go:55.17,58.4 2 0
github.com/zenobi-us/opennotes/internal/services/db.go:59.3,63.83 3 38
github.com/zenobi-us/opennotes/internal/services/db.go:63.83,66.4 2 2
github.com/zenobi-us/opennotes/internal/services/db.go:68.3,69.65 2 36
github.com/zenobi-us/opennotes/internal/services/db.go:69.65,72.4 2 0
github.com/zenobi-us/opennotes/internal/services/db.go:74.3,74.44 1 36
github.com/zenobi-us/opennotes/internal/services/db.go:77.2,77.20 1 63
github.com/zenobi-us/opennotes/internal/services/db.go:77.20,79.3 1 2
github.com/zenobi-us/opennotes/internal/services/db.go:81.2,81.18 1 61
github.com/zenobi-us/opennotes/internal/services/db.go:87.73,90.21 2 29
github.com/zenobi-us/opennotes/internal/services/db.go:90.21,95.17 3 19
github.com/zenobi-us/opennotes/internal/services/db.go:95.17,98.4 2 0
github.com/zenobi-us/opennotes/internal/services/db.go:101.3,102.83 2 19
github.com/zenobi-us/opennotes/internal/services/db.go:102.83,104.47 2 2
github.com/zenobi-us/opennotes/internal/services/db.go:104.47,106.5 1 0
github.com/zenobi-us/opennotes/internal/services/db.go:107.4,107.10 1 2
github.com/zenobi-us/opennotes/internal/services/db.go:110.3,111.65 2 17
github.com/zenobi-us/opennotes/internal/services/db.go:111.65,113.47 2 0
github.com/zenobi-us/opennotes/internal/services/db.go:113.47,115.5 1 0
github.com/zenobi-us/opennotes/internal/services/db.go:116.4,116.10 1 0
github.com/zenobi-us/opennotes/internal/services/db.go:119.3,120.54 2 17
github.com/zenobi-us/opennotes/internal/services/db.go:123.2,123.20 1 29
github.com/zenobi-us/opennotes/internal/services/db.go:123.20,125.3 1 2
github.com/zenobi-us/opennotes/internal/services/db.go:127.2,127.24 1 27
github.com/zenobi-us/opennotes/internal/services/db.go:131.117,133.16 2 8
github.com/zenobi-us/opennotes/internal/services/db.go:133.16,135.3 1 0
github.com/zenobi-us/opennotes/internal/services/db.go:137.2,138.16 2 8
github.com/zenobi-us/opennotes/internal/services/db.go:138.16,140.3 1 1
github.com/zenobi-us/opennotes/internal/services/db.go:141.2,141.15 1 7
github.com/zenobi-us/opennotes/internal/services/db.go:141.15,142.38 1 7
github.com/zenobi-us/opennotes/internal/services/db.go:142.38,144.4 1 0
github.com/zenobi-us/opennotes/internal/services/db.go:147.2,147.25 1 7
github.com/zenobi-us/opennotes/internal/services/db.go:151.67,153.16 2 7
github.com/zenobi-us/opennotes/internal/services/db.go:153.16,155.3 1 0
github.com/zenobi-us/opennotes/internal/services/db.go:157.2,159.18 2 7
github.com/zenobi-us/opennotes/internal/services/db.go:159.18,163.25 3 8
github.com/zenobi-us/opennotes/internal/services/db.go:163.25,165.4 1 15
github.com/zenobi-us/opennotes/internal/services/db.go:167.3,167.49 1 8
github.com/zenobi-us/opennotes/internal/services/db.go:167.49,169.4 1 0
github.com/zenobi-us/opennotes/internal/services/db.go:172.3,173.31 2 8
github.com/zenobi-us/opennotes/internal/services/db.go:173.31,175.4 1 15
github.com/zenobi-us/opennotes/internal/services/db.go:176.3,176.33 1 8
github.com/zenobi-us/opennotes/internal/services/db.go:179.2,179.35 1 7
github.com/zenobi-us/opennotes/internal/services/db.go:179.35,181.3 1 0
github.com/zenobi-us/opennotes/internal/services/db.go:183.2,183.21 1 7
github.com/zenobi-us/opennotes/internal/services/db.go:189.86,199.86 3 2044
github.com/zenobi-us/opennotes/internal/services/db.go:199.86,202.21 1 2026
github.com/zenobi-us/opennotes/internal/services/db.go:202.21,204.4 1 0
github.com/zenobi-us/opennotes/internal/services/db.go:206.3,211.24 4 2026
github.com/zenobi-us/opennotes/internal/services/db.go:211.24,213.4 1 0
github.com/zenobi-us/opennotes/internal/services/db.go:216.3,217.17 2 2026
github.com/zenobi-us/opennotes/internal/services/db.go:217.17,224.4 3 6
github.com/zenobi-us/opennotes/internal/services/db.go:227.3,227.76 1 2020
github.com/zenobi-us/opennotes/internal/services/db.go:227.76,235.4 3 0
github.com/zenobi-us/opennotes/internal/services/db.go:237.3,243.16 3 2020
github.com/zenobi-us/opennotes/internal/services/db.go:247.2,247.20 1 2044
github.com/zenobi-us/opennotes/internal/services/db.go:247.20,249.3 1 6
github.com/zenobi-us/opennotes/internal/services/db.go:251.2,251.24 1 2038
github.com/zenobi-us/opennotes/internal/services/db.go:251.24,255.3 1 2018
github.com/zenobi-us/opennotes/internal/services/db.go:257.2,257.23 1 2038
github.com/zenobi-us/opennotes/internal/services/db.go:262.93,267.42 2 2031
github.com/zenobi-us/opennotes/internal/services/db.go:267.42,269.3 1 7
github.com/zenobi-us/opennotes/internal/services/db.go:272.2,272.34 1 2024
github.com/zenobi-us/opennotes/internal/services/db.go:272.34,274.3 1 1
github.com/zenobi-us/opennotes/internal/services/db.go:277.2,279.26 2 2023
github.com/zenobi-us/opennotes/internal/services/db.go:284.83,287.16 2 2024
github.com/zenobi-us/opennotes/internal/services/db.go:287.16,289.3 1 0
github.com/zenobi-us/opennotes/internal/services/db.go:291.2,292.16 2 2024
github.com/zenobi-us/opennotes/internal/services/db.go:292.16,294.3 1 0
github.com/zenobi-us/opennotes/internal/services/db.go:298.2,302.54 3 2024
github.com/zenobi-us/opennotes/internal/services/db.go:302.54,304.3 1 2
github.com/zenobi-us/opennotes/internal/services/db.go:306.2,306.12 1 2022
github.com/zenobi-us/opennotes/internal/services/db.go:310.35,316.17 4 80
github.com/zenobi-us/opennotes/internal/services/db.go:316.17,318.38 2 38
github.com/zenobi-us/opennotes/internal/services/db.go:318.38,320.4 1 0
github.com/zenobi-us/opennotes/internal/services/db.go:323.2,323.23 1 80
github.com/zenobi-us/opennotes/internal/services/db.go:323.23,325.44 2 17
github.com/zenobi-us/opennotes/internal/services/db.go:325.44,327.4 1 0
github.com/zenobi-us/opennotes/internal/services/db.go:330.2,330.19 1 80
github.com/zenobi-us/opennotes/internal/services/db.go:330.19,332.3 1 0
github.com/zenobi-us/opennotes/internal/services/db.go:334.2,334.12 1 80
github.com/zenobi-us/opennotes/internal/services/display.go:22.37,27.16 2 36
github.com/zenobi-us/opennotes/internal/services/display.go:27.16,29.3 1 0
github.com/zenobi-us/opennotes/internal/services/display.go:31.2,34.8 1 36
github.com/zenobi-us/opennotes/internal/services/display.go:38.59,40.2 1 5
github.com/zenobi-us/opennotes/internal/services/display.go:43.84,44.17 1 16
github.com/zenobi-us/opennotes/internal/services/display.go:44.17,46.3 1 1
github.com/zenobi-us/opennotes/internal/services/display.go:48.2,49.48 2 15
github.com/zenobi-us/opennotes/internal/services/display.go:49.48,51.3 1 1
github.com/zenobi-us/opennotes/internal/services/display.go:54.2,55.16 2 14
github.com/zenobi-us/opennotes/internal/services/display.go:55.16,58.3 1 0
github.com/zenobi-us/opennotes/internal/services/display.go:60.2,60.22 1 14
github.com/zenobi-us/opennotes/internal/services/display.go:66.76,68.2 1 9
github.com/zenobi-us/opennotes/internal/services/display.go:72.101,73.16 1 12
github.com/zenobi-us/opennotes/internal/services/display.go:74.14,76.17 2 10
github.com/zenobi-us/opennotes/internal/services/display.go:76.17,78.4 1 0
github.com/zenobi-us/opennotes/internal/services/display.go:79.3,80.13 2 10
github.com/zenobi-us/opennotes/internal/services/display.go:81.15,82.44 1 1
github.com/zenobi-us/opennotes/internal/services/display.go:83.10,85.44 2 1
github.com/zenobi-us/opennotes/internal/services/display.go:91.83,93.23 1 2
github.com/zenobi-us/opennotes/internal/services/display.go:93.23,96.3 2 0
github.com/zenobi-us/opennotes/internal/services/display.go:100.2,101.30 2 2
github.com/zenobi-us/opennotes/internal/services/display.go:101.30,103.3 1 4
github.com/zenobi-us/opennotes/internal/services/display.go:106.2,107.29 2 2
github.com/zenobi-us/opennotes/internal/services/display.go:107.29,109.3 1 4
github.com/zenobi-us/opennotes/internal/services/display.go:110.2,116.30 3 2
github.com/zenobi-us/opennotes/internal/services/display.go:116.30,118.3 1 4
github.com/zenobi-us/opennotes/internal/services/display.go:121.2,121.30 1 2
github.com/zenobi-us/opennotes/internal/services/display.go:121.30,122.31 1 2
github.com/zenobi-us/opennotes/internal/services/display.go:122.31,124.30 2 4
github.com/zenobi-us/opennotes/internal/services/display.go:124.30,126.5 1 2
github.com/zenobi-us/opennotes/internal/services/display.go:131.2,131.30 1 2
github.com/zenobi-us/opennotes/internal/services/display.go:131.30,132.12 1 4
github.com/zenobi-us/opennotes/internal/services/display.go:132.12,134.4 1 2
github.com/zenobi-us/opennotes/internal/services/display.go:135.3,135.39 1 4
github.com/zenobi-us/opennotes/internal/services/display.go:137.2,140.30 2 2
github.com/zenobi-us/opennotes/internal/services/display.go:140.30,141.12 1 4
github.com/zenobi-us/opennotes/internal/services/display.go:141.12,143.4 1 2
github.com/zenobi-us/opennotes/internal/services/display.go:144.3,144.46 1 4
github.com/zenobi-us/opennotes/internal/services/display.go:146.2,149.30 2 2
github.com/zenobi-us/opennotes/internal/services/display.go:149.30,150.31 1 2
github.com/zenobi-us/opennotes/internal/services/display.go:150.31,151.13 1 4
github.com/zenobi-us/opennotes/internal/services/display.go:151.13,153.5 1 2
github.com/zenobi-us/opennotes/internal/services/display.go:154.4,155.40 2 4
github.com/zenobi-us/opennotes/internal/services/display.go:157.3,157.16 1 2
github.com/zenobi-us/opennotes/internal/services/display.go:161.2,162.23 2 2
github.com/zenobi-us/opennotes/internal/services/display.go:162.23,164.3 1 0
github.com/zenobi-us/opennotes/internal/services/display.go:165.2,167.12 2 2
github.com/zenobi-us/opennotes/internal/services/display.go:173.92,175.23 1 16
github.com/zenobi-us/opennotes/internal/services/display.go:175.23,177.3 1 2
github.com/zenobi-us/opennotes/internal/services/display.go:180.2,181.16 2 14
github.com/zenobi-us/opennotes/internal/services/display.go:181.16,184.3 2 0
github.com/zenobi-us/opennotes/internal/services/display.go:186.2,186.23 1 14
github.com/zenobi-us/opennotes/internal/services/logger.go:12.19,17.30 2 16
github.com/zenobi-us/opennotes/internal/services/logger.go:17.30,19.3 1 4
github.com/zenobi-us/opennotes/internal/services/logger.go:22.2,22.46 1 16
github.com/zenobi-us/opennotes/internal/services/logger.go:22.46,23.57 1 11
github.com/zenobi-us/opennotes/internal/services/logger.go:23.57,25.4 1 9
github.com/zenobi-us/opennotes/internal/services/logger.go:28.2,33.32 2 16
github.com/zenobi-us/opennotes/internal/services/logger.go:37.43,39.2 1 286
github.com/zenobi-us/opennotes/internal/services/note.go:31.37,33.42 1 12
github.com/zenobi-us/opennotes/internal/services/note.go:33.42,34.59 1 7
github.com/zenobi-us/opennotes/internal/services/note.go:34.59,36.4 1 6
github.com/zenobi-us/opennotes/internal/services/note.go:40.2,43.31 3 6
github.com/zenobi-us/opennotes/internal/services/note.go:55.90,62.2 1 54
github.com/zenobi-us/opennotes/internal/services/note.go:65.86,66.26 1 33
github.com/zenobi-us/opennotes/internal/services/note.go:66.26,68.3 1 2
github.com/zenobi-us/opennotes/internal/services/note.go:70.2,71.16 2 31
github.com/zenobi-us/opennotes/internal/services/note.go:71.16,73.3 1 0
github.com/zenobi-us/opennotes/internal/services/note.go:75.2,81.16 5 31
github.com/zenobi-us/opennotes/internal/services/note.go:81.16,83.3 1 2
github.com/zenobi-us/opennotes/internal/services/note.go:84.2,84.15 1 29
github.com/zenobi-us/opennotes/internal/services/note.go:84.15,85.38 1 29
github.com/zenobi-us/opennotes/internal/services/note.go:85.38,87.4 1 0
github.com/zenobi-us/opennotes/internal/services/note.go:90.2,92.16 3 29
github.com/zenobi-us/opennotes/internal/services/note.go:92.16,94.3 1 0
github.com/zenobi-us/opennotes/internal/services/note.go:96.2,96.18 1 29
github.com/zenobi-us/opennotes/internal/services/note.go:96.18,100.25 3 144
github.com/zenobi-us/opennotes/internal/services/note.go:100.25,102.4 1 432
github.com/zenobi-us/opennotes/internal/services/note.go:104.3,104.49 1 144
github.com/zenobi-us/opennotes/internal/services/note.go:104.49,106.12 2 0
github.com/zenobi-us/opennotes/internal/services/note.go:110.3,114.31 2 144
github.com/zenobi-us/opennotes/internal/services/note.go:114.31,116.15 2 432
github.com/zenobi-us/opennotes/internal/services/note.go:117.45,118.34 1 144
github.com/zenobi-us/opennotes/internal/services/note.go:118.34,121.6 2 144
github.com/zenobi-us/opennotes/internal/services/note.go:122.27,123.34 1 144
github.com/zenobi-us/opennotes/internal/services/note.go:123.34,125.6 1 144
github.com/zenobi-us/opennotes/internal/services/note.go:126.20,131.33 2 144
github.com/zenobi-us/opennotes/internal/services/note.go:131.33,133.39 1 144
github.com/zenobi-us/opennotes/internal/services/note.go:133.39,134.53 1 27
github.com/zenobi-us/opennotes/internal/services/note.go:134.53,136.8 1 27
github.com/zenobi-us/opennotes/internal/services/note.go:138.11,138.46 1 0
github.com/zenobi-us/opennotes/internal/services/note.go:138.46,139.28 1 0
github.com/zenobi-us/opennotes/internal/services/note.go:139.28,140.39 1 0
github.com/zenobi-us/opennotes/internal/services/note.go:140.39,142.8 1 0
github.com/zenobi-us/opennotes/internal/services/note.go:144.11,144.49 1 0
github.com/zenobi-us/opennotes/internal/services/note.go:144.49,146.6 1 0
github.com/zenobi-us/opennotes/internal/services/note.go:147.12,148.29 1 0
github.com/zenobi-us/opennotes/internal/services/note.go:153.3,153.18 1 144
github.com/zenobi-us/opennotes/internal/services/note.go:153.18,156.84 1 95
github.com/zenobi-us/opennotes/internal/services/note.go:156.84,157.13 1 45
github.com/zenobi-us/opennotes/internal/services/note.go:161.3,161.30 1 99
github.com/zenobi-us/opennotes/internal/services/note.go:164.2,164.35 1 29
github.com/zenobi-us/opennotes/internal/services/note.go:164.35,166.3 1 0
github.com/zenobi-us/opennotes/internal/services/note.go:168.2,169.19 2 29
github.com/zenobi-us/opennotes/internal/services/note.go:173.63,174.26 1 3
github.com/zenobi-us/opennotes/internal/services/note.go:174.26,176.3 1 1
github.com/zenobi-us/opennotes/internal/services/note.go:178.2,179.16 2 2
github.com/zenobi-us/opennotes/internal/services/note.go:179.16,181.3 1 0
github.com/zenobi-us/opennotes/internal/services/note.go:183.2,187.41 4 2
github.com/zenobi-us/opennotes/internal/services/note.go:187.41,189.3 1 1
github.com/zenobi-us/opennotes/internal/services/note.go:191.2,191.19 1 1
github.com/zenobi-us/opennotes/internal/services/note.go:197.38,201.22 2 47
github.com/zenobi-us/opennotes/internal/services/note.go:201.22,203.3 1 3
github.com/zenobi-us/opennotes/internal/services/note.go:206.2,206.88 1 44
github.com/zenobi-us/opennotes/internal/services/note.go:206.88,208.3 1 10
github.com/zenobi-us/opennotes/internal/services/note.go:212.2,212.61 1 34
github.com/zenobi-us/opennotes/internal/services/note.go:212.61,215.3 1 1938
github.com/zenobi-us/opennotes/internal/services/note.go:217.2,231.31 2 34
github.com/zenobi-us/opennotes/internal/services/note.go:231.31,232.23 1 312
github.com/zenobi-us/opennotes/internal/services/note.go:232.23,234.4 1 12
github.com/zenobi-us/opennotes/internal/services/note.go:237.2,237.12 1 22
github.com/zenobi-us/opennotes/internal/services/note.go:243.99,245.43 1 11
github.com/zenobi-us/opennotes/internal/services/note.go:245.43,248.3 2 2
github.com/zenobi-us/opennotes/internal/services/note.go:251.2,252.16 2 9
github.com/zenobi-us/opennotes/internal/services/note.go:252.16,255.3 2 0
github.com/zenobi-us/opennotes/internal/services/note.go:258.2,259.16 2 9
github.com/zenobi-us/opennotes/internal/services/note.go:259.16,262.3 2 1
github.com/zenobi-us/opennotes/internal/services/note.go:265.2,272.16 5 8
github.com/zenobi-us/opennotes/internal/services/note.go:272.16,275.3 2 1
github.com/zenobi-us/opennotes/internal/services/note.go:276.2,276.15 1 7
github.com/zenobi-us/opennotes/internal/services/note.go:276.15,277.38 1 7
github.com/zenobi-us/opennotes/internal/services/note.go:277.38,279.4 1 0
github.com/zenobi-us/opennotes/internal/services/note.go:283.2,284.16 2 7
github.com/zenobi-us/opennotes/internal/services/note.go:284.16,287.3 2 0
github.com/zenobi-us/opennotes/internal/services/note.go:289.2,290.21 2 7
github.com/zenobi-us/opennotes/internal/services/note.go:294.88,296.2 1 2
github.com/zenobi-us/opennotes/internal/services/note.go:299.76,301.16 2 7
github.com/zenobi-us/opennotes/internal/services/note.go:301.16,303.3 1 0
github.com/zenobi-us/opennotes/internal/services/note.go:305.2,307.18 2 7
github.com/zenobi-us/opennotes/internal/services/note.go:307.18,311.25 3 9
github.com/zenobi-us/opennotes/internal/services/note.go:311.25,313.4 1 22
github.com/zenobi-us/opennotes/internal/services/note.go:315.3,315.49 1 9
github.com/zenobi-us/opennotes/internal/services/note.go:315.49,317.4 1 0
github.com/zenobi-us/opennotes/internal/services/note.go:320.3,321.31 2 9
github.com/zenobi-us/opennotes/internal/services/note.go:321.31,323.4 1 22
github.com/zenobi-us/opennotes/internal/services/note.go:324.3,324.33 1 9
github.com/zenobi-us/opennotes/internal/services/note.go:327.2,327.35 1 7
github.com/zenobi-us/opennotes/internal/services/note.go:327.35,329.3 1 0
github.com/zenobi-us/opennotes/internal/services/note.go:331.2,331.21 1 7
github.com/zenobi-us/opennotes/internal/services/notebook.go:51.77,57.2 1 26
github.com/zenobi-us/opennotes/internal/services/notebook.go:60.48,62.2 1 67
github.com/zenobi-us/opennotes/internal/services/notebook.go:65.57,66.16 1 45
github.com/zenobi-us/opennotes/internal/services/notebook.go:66.16,68.3 1 1
github.com/zenobi-us/opennotes/internal/services/notebook.go:69.2,70.19 2 44
github.com/zenobi-us/opennotes/internal/services/notebook.go:74.76,78.16 3 19
github.com/zenobi-us/opennotes/internal/services/notebook.go:78.16,80.3 1 1
github.com/zenobi-us/opennotes/internal/services/notebook.go:82.2,83.54 2 18
github.com/zenobi-us/opennotes/internal/services/notebook.go:83.54,85.3 1 1
github.com/zenobi-us/opennotes/internal/services/notebook.go:88.2,89.45 2 17
github.com/zenobi-us/opennotes/internal/services/notebook.go:89.45,91.25 1 1
github.com/zenobi-us/opennotes/internal/services/notebook.go:91.25,92.58 1 1
github.com/zenobi-us/opennotes/internal/services/notebook.go:92.58,94.5 1 0
github.com/zenobi-us/opennotes/internal/services/notebook.go:95.9,97.4 1 0
github.com/zenobi-us/opennotes/internal/services/notebook.go:100.2,109.8 1 17
github.com/zenobi-us/opennotes/internal/services/notebook.go:113.72,115.16 2 15
github.com/zenobi-us/opennotes/internal/services/notebook.go:115.16,117.3 1 0
github.com/zenobi-us/opennotes/internal/services/notebook.go:119.2,124.8 2 15
github.com/zenobi-us/opennotes/internal/services/notebook.go:128.87,129.16 1 4
github.com/zenobi-us/opennotes/internal/services/notebook.go:129.16,131.3 1 0
github.com/zenobi-us/opennotes/internal/services/notebook.go:133.2,153.52 3 4
github.com/zenobi-us/opennotes/internal/services/notebook.go:153.52,155.3 1 0
github.com/zenobi-us/opennotes/internal/services/notebook.go:157.2,164.71 3 4
github.com/zenobi-us/opennotes/internal/services/notebook.go:164.71,166.3 1 0
github.com/zenobi-us/opennotes/internal/services/notebook.go:168.2,168.22 1 4
github.com/zenobi-us/opennotes/internal/services/notebook.go:173.64,174.15 1 4
github.com/zenobi-us/opennotes/internal/services/notebook.go:174.15,176.3 1 0
github.com/zenobi-us/opennotes/internal/services/notebook.go:179.2,179.76 1 4
github.com/zenobi-us/opennotes/internal/services/notebook.go:179.76,180.34 1 1
github.com/zenobi-us/opennotes/internal/services/notebook.go:180.34,182.4 1 1
github.com/zenobi-us/opennotes/internal/services/notebook.go:186.2,187.31 2 3
github.com/zenobi-us/opennotes/internal/services/notebook.go:187.31,188.33 1 2
github.com/zenobi-us/opennotes/internal/services/notebook.go:188.33,190.4 1 2
github.com/zenobi-us/opennotes/internal/services/notebook.go:194.2,195.38 2 1
github.com/zenobi-us/opennotes/internal/services/notebook.go:195.38,196.29 1 4
github.com/zenobi-us/opennotes/internal/services/notebook.go:196.29,198.4 1 0
github.com/zenobi-us/opennotes/internal/services/notebook.go:199.3,199.34 1 4
github.com/zenobi-us/opennotes/internal/services/notebook.go:202.2,202.17 1 1
github.com/zenobi-us/opennotes/internal/services/notebook.go:206.65,210.55 2 7
github.com/zenobi-us/opennotes/internal/services/notebook.go:210.55,211.26 1 4
github.com/zenobi-us/opennotes/internal/services/notebook.go:211.26,212.43 1 4
github.com/zenobi-us/opennotes/internal/services/notebook.go:212.43,214.5 1 4
github.com/zenobi-us/opennotes/internal/services/notebook.go:219.2,219.15 1 7
github.com/zenobi-us/opennotes/internal/services/notebook.go:219.15,221.3 1 0
github.com/zenobi-us/opennotes/internal/services/notebook.go:222.2,223.38 2 7
github.com/zenobi-us/opennotes/internal/services/notebook.go:223.38,224.29 1 33
github.com/zenobi-us/opennotes/internal/services/notebook.go:224.29,225.46 1 3
github.com/zenobi-us/opennotes/internal/services/notebook.go:225.46,228.40 2 3
github.com/zenobi-us/opennotes/internal/services/notebook.go:228.40,229.48 1 1
github.com/zenobi-us/opennotes/internal/services/notebook.go:229.48,231.12 2 1
github.com/zenobi-us/opennotes/internal/services/notebook.go:234.5,234.15 1 3
github.com/zenobi-us/opennotes/internal/services/notebook.go:234.15,236.6 1 2
github.com/zenobi-us/opennotes/internal/services/notebook.go:239.3,239.34 1 33
github.com/zenobi-us/opennotes/internal/services/notebook.go:242.2,242.23 1 7
github.com/zenobi-us/opennotes/internal/services/notebook.go:248.53,249.40 1 4
github.com/zenobi-us/opennotes/internal/services/notebook.go:249.40,250.35 1 4
github.com/zenobi-us/opennotes/internal/services/notebook.go:250.35,252.4 1 3
github.com/zenobi-us/opennotes/internal/services/notebook.go:254.2,254.11 1 1
github.com/zenobi-us/opennotes/internal/services/notebook.go:258.87,259.23 1 2
github.com/zenobi-us/opennotes/internal/services/notebook.go:259.23,261.3 1 0
github.com/zenobi-us/opennotes/internal/services/notebook.go:264.2,264.53 1 2
github.com/zenobi-us/opennotes/internal/services/notebook.go:264.53,266.3 1 1
github.com/zenobi-us/opennotes/internal/services/notebook.go:268.2,269.43 2 1
github.com/zenobi-us/opennotes/internal/services/notebook.go:273.82,275.53 2 8
github.com/zenobi-us/opennotes/internal/services/notebook.go:275.53,277.3 1 0
github.com/zenobi-us/opennotes/internal/services/notebook.go:280.2,281.19 2 8
github.com/zenobi-us/opennotes/internal/services/notebook.go:281.19,283.3 1 0
github.com/zenobi-us/opennotes/internal/services/notebook.go:285.2,294.16 3 8
github.com/zenobi-us/opennotes/internal/services/notebook.go:294.16,296.3 1 0
github.com/zenobi-us/opennotes/internal/services/notebook.go:298.2,298.64 1 8
github.com/zenobi-us/opennotes/internal/services/notebook.go:298.64,300.3 1 0
github.com/zenobi-us/opennotes/internal/services/notebook.go:303.2,303.14 1 8
github.com/zenobi-us/opennotes/internal/services/notebook.go:303.14,306.46 3 3
github.com/zenobi-us/opennotes/internal/services/notebook.go:306.46,308.4 1 1
github.com/zenobi-us/opennotes/internal/services/notebook.go:309.3,310.50 2 2
github.com/zenobi-us/opennotes/internal/services/notebook.go:313.2,313.12 1 5
github.com/zenobi-us/opennotes/internal/services/templates.go:16.13,20.37 3 1
github.com/zenobi-us/opennotes/internal/services/templates.go:20.37,22.17 2 4
github.com/zenobi-us/opennotes/internal/services/templates.go:22.17,25.12 2 0
github.com/zenobi-us/opennotes/internal/services/templates.go:27.3,27.31 1 4
github.com/zenobi-us/opennotes/internal/services/templates.go:32.60,34.16 2 4
github.com/zenobi-us/opennotes/internal/services/templates.go:34.16,36.3 1 0
github.com/zenobi-us/opennotes/internal/services/templates.go:38.2,39.16 2 4
github.com/zenobi-us/opennotes/internal/services/templates.go:39.16,41.3 1 0
github.com/zenobi-us/opennotes/internal/services/templates.go:43.2,43.18 1 4
github.com/zenobi-us/opennotes/internal/services/templates.go:47.54,50.9 2 11
github.com/zenobi-us/opennotes/internal/services/templates.go:50.9,52.3 1 2
github.com/zenobi-us/opennotes/internal/services/templates.go:54.2,55.16 2 9
github.com/zenobi-us/opennotes/internal/services/templates.go:55.16,58.49 2 0
github.com/zenobi-us/opennotes/internal/services/templates.go:58.49,60.4 1 0
github.com/zenobi-us/opennotes/internal/services/templates.go:62.3,62.27 1 0
github.com/zenobi-us/opennotes/internal/services/templates.go:65.2,65.42 1 9
